-------------------------------------------------------------------------------
Test set: com.tutuka.lib.lang.validation.ValidIdentifiersTest
-------------------------------------------------------------------------------
Tests run: 5, Failures: 4, Errors: 0, Skipped: 0, Time elapsed: 0.545 s <<< FAILURE! - in com.tutuka.lib.lang.validation.ValidIdentifiersTest
nullList  Time elapsed: 0.139 s  <<< FAILURE!
java.lang.AssertionError
	at com.tutuka.lib.lang.validation.ValidIdentifiersTest.nullList(ValidIdentifiersTest.java:33)

toolong  Time elapsed: 0.11 s  <<< FAILURE!
java.lang.AssertionError
	at com.tutuka.lib.lang.validation.ValidIdentifiersTest.toolong(ValidIdentifiersTest.java:26)

nullInList  Time elapsed: 0.092 s  <<< FAILURE!
java.lang.AssertionError
	at com.tutuka.lib.lang.validation.ValidIdentifiersTest.nullInList(ValidIdentifiersTest.java:40)

badApple  Time elapsed: 0.104 s  <<< FAILURE!
java.lang.AssertionError
	at com.tutuka.lib.lang.validation.ValidIdentifiersTest.badApple(ValidIdentifiersTest.java:47)

