<?xml version="1.0" encoding="UTF-8"?>
<testsuite xmlns:xsi="http://www.w3.org/2001/XMLSchema-instance" xsi:noNamespaceSchemaLocation="https://maven.apache.org/surefire/maven-surefire-plugin/xsd/surefire-test-report.xsd" name="com.tutuka.lib.lang.applicationname.ApplicationNameTest" time="0.01" tests="12" errors="0" skipped="0" failures="0">
  <properties>
[...]
</properties>
  <testcase name="testParse[0]" classname="com.tutuka.lib.lang.applicationname.ApplicationNameTest" time="0"/>
  <testcase name="testParse[1]" classname="com.tutuka.lib.lang.applicationname.ApplicationNameTest" time="0"/>
  <testcase name="testParse[2]" classname="com.tutuka.lib.lang.applicationname.ApplicationNameTest" time="0"/>
  <testcase name="testParse[3]" classname="com.tutuka.lib.lang.applicationname.ApplicationNameTest" time="0"/>
  <testcase name="testParse[4]" classname="com.tutuka.lib.lang.applicationname.ApplicationNameTest" time="0"/>
  <testcase name="testParse[5]" classname="com.tutuka.lib.lang.applicationname.ApplicationNameTest" time="0.001"/>
  <testcase name="testParse[6]" classname="com.tutuka.lib.lang.applicationname.ApplicationNameTest" time="0"/>
  <testcase name="testParse[7]" classname="com.tutuka.lib.lang.applicationname.ApplicationNameTest" time="0"/>
  <testcase name="testParse[8]" classname="com.tutuka.lib.lang.applicationname.ApplicationNameTest" time="0"/>
  <testcase name="testParse[9]" classname="com.tutuka.lib.lang.applicationname.ApplicationNameTest" time="0"/>
  <testcase name="testParse[10]" classname="com.tutuka.lib.lang.applicationname.ApplicationNameTest" time="0"/>
  <testcase name="testParse[11]" classname="com.tutuka.lib.lang.applicationname.ApplicationNameTest" time="0"/>
</testsuite>